<-= 1 =->
ERROR:  syntax error at or near ")"
LINE 1: ...p             GROUP BY p.city) AS a ) ))            LIMIT 1)
                                                                      ^

<-= 2 =->
name = folder
name = clip
<-= 3 =->
name = Allied
pid = p05
dollars = 1104.00
name = Basics
pid = p03
dollars = 880.00
name = Basics
pid = p03
dollars = 740.00
name = Tiptop
pid = p06
dollars = 720.00
name = Tiptop
pid = p07
dollars = 720.00
name = ACME
pid = p07
dollars = 600.00
name = Tiptop
pid = p03
dollars = 540.00
name = Tiptop
pid = p04
dollars = 540.00
name = ACME
pid = p01
dollars = 500.00
name = ACME
pid = p01
dollars = 460.00
name = Tiptop
pid = p05
dollars = 450.00
name = Tiptop
pid = p01
dollars = 450.00
name = ACME
pid = p01
dollars = 400.00
name = Tiptop
pid = p02
dollars = 180.00
<-= 4 =->
name = ACME
sum = 1960.00
name = Allied
sum = 1104.00
name = Basics
sum = 1620.00
name = Tiptop
sum = 3600.00
name = Weyland-Yutani
sum = 0.00
<-= 5 =->
name = Basics
name = razor
name = Brown
name = Allied
name = pencil
name = Brown
name = Tiptop
name = pen
name = Brown
name = ACME
name = case
name = Brown
<-= 6 =->
ordno = 1026
mon = may
cid = c002
aid = a05
pid = p03
qty = 800
dollars = 740.00
truedollars = 704.0000000000000000000000
<-= 7 =->
name = Tiptop
ordno = 1011
name = Basics
ordno = 1013
name = Allied
ordno = 1015
name = ACME
ordno = 1016
name = Tiptop
ordno = 1017
name = Tiptop
ordno = 1018
name = Tiptop
ordno = 1019
name = ACME
ordno = 1020
name = ACME
ordno = 1021
name = Tiptop
ordno = 1022
name = Tiptop
ordno = 1023
name = ACME
ordno = 1024
name = Tiptop
ordno = 1025
name = Basics
ordno = 1026
name = Weyland-Yutani
ordno = None
<-= 8 =->
ordno = 1011
name = comb
ordno = 1013
name = razor
ordno = 1015
name = pencil
ordno = 1016
name = comb
ordno = 1017
name = razor
ordno = 1018
name = pen
ordno = 1019
name = brush
ordno = 1020
name = case
ordno = 1021
name = comb
ordno = 1022
name = folder
ordno = 1023
name = pencil
ordno = 1024
name = comb
ordno = 1025
name = case
ordno = 1026
name = razor
ordno = None
name = clip
<-= end =->
